<?xml version="1.0" encoding="UTF-8"?>
<testsuite xmlns:xsi="http://www.w3.org/2001/XMLSchema-instance" xsi:noNamespaceSchemaLocation="https://maven.apache.org/surefire/maven-surefire-plugin/xsd/surefire-test-report.xsd" name="TestSuite" time="70.196" tests="6" errors="0" skipped="0" failures="1">
  <properties>
    <property name="sun.desktop" value="windows"/>
    <property name="awt.toolkit" value="sun.awt.windows.WToolkit"/>
    <property name="file.encoding.pkg" value="sun.io"/>
    <property name="java.specification.version" value="1.8"/>
    <property name="sun.cpu.isalist" value="amd64"/>
    <property name="sun.jnu.encoding" value="Cp1252"/>
    <property name="java.class.path" value="C:\Users\Sidheshwar.Tondare\Gitstuff\MMCS_ISS_APITesting\target\test-classes;C:\Users\Sidheshwar.Tondare\Gitstuff\MMCS_ISS_APITesting\target\classes;C:\Users\Sidheshwar.Tondare\.m2\repository\org\codehaus\groovy\groovy\2.5.6\groovy-2.5.6.jar;C:\Users\Sidheshwar.Tondare\.m2\repository\org\codehaus\groovy\groovy-ant\2.5.6\groovy-ant-2.5.6.jar;C:\Users\Sidheshwar.Tondare\.m2\repository\org\apache\ant\ant\1.9.13\ant-1.9.13.jar;C:\Users\Sidheshwar.Tondare\.m2\repository\org\apache\ant\ant-junit\1.9.13\ant-junit-1.9.13.jar;C:\Users\Sidheshwar.Tondare\.m2\repository\org\apache\ant\ant-launcher\1.9.13\ant-launcher-1.9.13.jar;C:\Users\Sidheshwar.Tondare\.m2\repository\org\apache\ant\ant-antlr\1.9.13\ant-antlr-1.9.13.jar;C:\Users\Sidheshwar.Tondare\.m2\repository\org\codehaus\groovy\groovy-cli-commons\2.5.6\groovy-cli-commons-2.5.6.jar;C:\Users\Sidheshwar.Tondare\.m2\repository\commons-cli\commons-cli\1.4\commons-cli-1.4.jar;C:\Users\Sidheshwar.Tondare\.m2\repository\org\codehaus\groovy\groovy-cli-picocli\2.5.6\groovy-cli-picocli-2.5.6.jar;C:\Users\Sidheshwar.Tondare\.m2\repository\info\picocli\picocli\3.9.2\picocli-3.9.2.jar;C:\Users\Sidheshwar.Tondare\.m2\repository\org\codehaus\groovy\groovy-console\2.5.6\groovy-console-2.5.6.jar;C:\Users\Sidheshwar.Tondare\.m2\repository\org\codehaus\groovy\groovy-datetime\2.5.6\groovy-datetime-2.5.6.jar;C:\Users\Sidheshwar.Tondare\.m2\repository\org\codehaus\groovy\groovy-docgenerator\2.5.6\groovy-docgenerator-2.5.6.jar;C:\Users\Sidheshwar.Tondare\.m2\repository\com\thoughtworks\qdox\qdox\1.12.1\qdox-1.12.1.jar;C:\Users\Sidheshwar.Tondare\.m2\repository\org\codehaus\groovy\groovy-groovydoc\2.5.6\groovy-groovydoc-2.5.6.jar;C:\Users\Sidheshwar.Tondare\.m2\repository\org\codehaus\groovy\groovy-groovysh\2.5.6\groovy-groovysh-2.5.6.jar;C:\Users\Sidheshwar.Tondare\.m2\repository\jline\jline\2.14.6\jline-2.14.6.jar;C:\Users\Sidheshwar.Tondare\.m2\repository\org\codehaus\groovy\groovy-jmx\2.5.6\groovy-jmx-2.5.6.jar;C:\Users\Sidheshwar.Tondare\.m2\repository\org\codehaus\groovy\groovy-json\2.5.6\groovy-json-2.5.6.jar;C:\Users\Sidheshwar.Tondare\.m2\repository\org\codehaus\groovy\groovy-jsr223\2.5.6\groovy-jsr223-2.5.6.jar;C:\Users\Sidheshwar.Tondare\.m2\repository\org\codehaus\groovy\groovy-macro\2.5.6\groovy-macro-2.5.6.jar;C:\Users\Sidheshwar.Tondare\.m2\repository\org\codehaus\groovy\groovy-nio\2.5.6\groovy-nio-2.5.6.jar;C:\Users\Sidheshwar.Tondare\.m2\repository\org\codehaus\groovy\groovy-servlet\2.5.6\groovy-servlet-2.5.6.jar;C:\Users\Sidheshwar.Tondare\.m2\repository\org\codehaus\groovy\groovy-sql\2.5.6\groovy-sql-2.5.6.jar;C:\Users\Sidheshwar.Tondare\.m2\repository\org\codehaus\groovy\groovy-swing\2.5.6\groovy-swing-2.5.6.jar;C:\Users\Sidheshwar.Tondare\.m2\repository\org\codehaus\groovy\groovy-templates\2.5.6\groovy-templates-2.5.6.jar;C:\Users\Sidheshwar.Tondare\.m2\repository\org\codehaus\groovy\groovy-test\2.5.6\groovy-test-2.5.6.jar;C:\Users\Sidheshwar.Tondare\.m2\repository\junit\junit\4.12\junit-4.12.jar;C:\Users\Sidheshwar.Tondare\.m2\repository\org\codehaus\groovy\groovy-test-junit5\2.5.6\groovy-test-junit5-2.5.6.jar;C:\Users\Sidheshwar.Tondare\.m2\repository\org\junit\platform\junit-platform-launcher\1.3.2\junit-platform-launcher-1.3.2.jar;C:\Users\Sidheshwar.Tondare\.m2\repository\org\apiguardian\apiguardian-api\1.0.0\apiguardian-api-1.0.0.jar;C:\Users\Sidheshwar.Tondare\.m2\repository\org\junit\platform\junit-platform-engine\1.3.2\junit-platform-engine-1.3.2.jar;C:\Users\Sidheshwar.Tondare\.m2\repository\org\junit\platform\junit-platform-commons\1.3.2\junit-platform-commons-1.3.2.jar;C:\Users\Sidheshwar.Tondare\.m2\repository\org\opentest4j\opentest4j\1.1.1\opentest4j-1.1.1.jar;C:\Users\Sidheshwar.Tondare\.m2\repository\org\junit\jupiter\junit-jupiter-engine\5.3.2\junit-jupiter-engine-5.3.2.jar;C:\Users\Sidheshwar.Tondare\.m2\repository\org\junit\jupiter\junit-jupiter-api\5.3.2\junit-jupiter-api-5.3.2.jar;C:\Users\Sidheshwar.Tondare\.m2\repository\org\codehaus\groovy\groovy-testng\2.5.6\groovy-testng-2.5.6.jar;C:\Users\Sidheshwar.Tondare\.m2\repository\org\codehaus\groovy\groovy-xml\2.5.6\groovy-xml-2.5.6.jar;C:\Users\Sidheshwar.Tondare\.m2\repository\org\seleniumhq\selenium\selenium-java\3.141.59\selenium-java-3.141.59.jar;C:\Users\Sidheshwar.Tondare\.m2\repository\org\seleniumhq\selenium\selenium-api\3.141.59\selenium-api-3.141.59.jar;C:\Users\Sidheshwar.Tondare\.m2\repository\org\seleniumhq\selenium\selenium-chrome-driver\3.141.59\selenium-chrome-driver-3.141.59.jar;C:\Users\Sidheshwar.Tondare\.m2\repository\org\seleniumhq\selenium\selenium-edge-driver\3.141.59\selenium-edge-driver-3.141.59.jar;C:\Users\Sidheshwar.Tondare\.m2\repository\org\seleniumhq\selenium\selenium-firefox-driver\3.141.59\selenium-firefox-driver-3.141.59.jar;C:\Users\Sidheshwar.Tondare\.m2\repository\org\seleniumhq\selenium\selenium-ie-driver\3.141.59\selenium-ie-driver-3.141.59.jar;C:\Users\Sidheshwar.Tondare\.m2\repository\org\seleniumhq\selenium\selenium-opera-driver\3.141.59\selenium-opera-driver-3.141.59.jar;C:\Users\Sidheshwar.Tondare\.m2\repository\org\seleniumhq\selenium\selenium-remote-driver\3.141.59\selenium-remote-driver-3.141.59.jar;C:\Users\Sidheshwar.Tondare\.m2\repository\org\seleniumhq\selenium\selenium-safari-driver\3.141.59\selenium-safari-driver-3.141.59.jar;C:\Users\Sidheshwar.Tondare\.m2\repository\org\seleniumhq\selenium\selenium-support\3.141.59\selenium-support-3.141.59.jar;C:\Users\Sidheshwar.Tondare\.m2\repository\net\bytebuddy\byte-buddy\1.8.15\byte-buddy-1.8.15.jar;C:\Users\Sidheshwar.Tondare\.m2\repository\org\apache\commons\commons-exec\1.3\commons-exec-1.3.jar;C:\Users\Sidheshwar.Tondare\.m2\repository\com\google\guava\guava\25.0-jre\guava-25.0-jre.jar;C:\Users\Sidheshwar.Tondare\.m2\repository\com\google\code\findbugs\jsr305\1.3.9\jsr305-1.3.9.jar;C:\Users\Sidheshwar.Tondare\.m2\repository\org\checkerframework\checker-compat-qual\2.0.0\checker-compat-qual-2.0.0.jar;C:\Users\Sidheshwar.Tondare\.m2\repository\com\google\errorprone\error_prone_annotations\2.1.3\error_prone_annotations-2.1.3.jar;C:\Users\Sidheshwar.Tondare\.m2\repository\com\google\j2objc\j2objc-annotations\1.1\j2objc-annotations-1.1.jar;C:\Users\Sidheshwar.Tondare\.m2\repository\org\codehaus\mojo\animal-sniffer-annotations\1.14\animal-sniffer-annotations-1.14.jar;C:\Users\Sidheshwar.Tondare\.m2\repository\com\squareup\okhttp3\okhttp\3.11.0\okhttp-3.11.0.jar;C:\Users\Sidheshwar.Tondare\.m2\repository\com\squareup\okio\okio\1.14.0\okio-1.14.0.jar;C:\Users\Sidheshwar.Tondare\.m2\repository\org\testng\testng\6.14.2\testng-6.14.2.jar;C:\Users\Sidheshwar.Tondare\.m2\repository\com\beust\jcommander\1.72\jcommander-1.72.jar;C:\Users\Sidheshwar.Tondare\.m2\repository\org\apache-extras\beanshell\bsh\2.0b6\bsh-2.0b6.jar;C:\Users\Sidheshwar.Tondare\.m2\repository\com\jayway\restassured\rest-assured\2.9.0\rest-assured-2.9.0.jar;C:\Users\Sidheshwar.Tondare\.m2\repository\org\apache\httpcomponents\httpclient\4.5.1\httpclient-4.5.1.jar;C:\Users\Sidheshwar.Tondare\.m2\repository\org\apache\httpcomponents\httpcore\4.4.3\httpcore-4.4.3.jar;C:\Users\Sidheshwar.Tondare\.m2\repository\commons-logging\commons-logging\1.2\commons-logging-1.2.jar;C:\Users\Sidheshwar.Tondare\.m2\repository\org\apache\httpcomponents\httpmime\4.5.1\httpmime-4.5.1.jar;C:\Users\Sidheshwar.Tondare\.m2\repository\org\hamcrest\hamcrest-core\1.3\hamcrest-core-1.3.jar;C:\Users\Sidheshwar.Tondare\.m2\repository\org\ccil\cowan\tagsoup\tagsoup\1.2.1\tagsoup-1.2.1.jar;C:\Users\Sidheshwar.Tondare\.m2\repository\com\jayway\restassured\json-path\2.9.0\json-path-2.9.0.jar;C:\Users\Sidheshwar.Tondare\.m2\repository\com\jayway\restassured\rest-assured-common\2.9.0\rest-assured-common-2.9.0.jar;C:\Users\Sidheshwar.Tondare\.m2\repository\com\jayway\restassured\xml-path\2.9.0\xml-path-2.9.0.jar;C:\Users\Sidheshwar.Tondare\.m2\repository\org\apache\commons\commons-lang3\3.3.2\commons-lang3-3.3.2.jar;C:\Users\Sidheshwar.Tondare\.m2\repository\com\jayway\jsonpath\json-path\2.4.0\json-path-2.4.0.jar;C:\Users\Sidheshwar.Tondare\.m2\repository\net\minidev\json-smart\2.3\json-smart-2.3.jar;C:\Users\Sidheshwar.Tondare\.m2\repository\net\minidev\accessors-smart\1.2\accessors-smart-1.2.jar;C:\Users\Sidheshwar.Tondare\.m2\repository\org\ow2\asm\asm\5.0.4\asm-5.0.4.jar;C:\Users\Sidheshwar.Tondare\.m2\repository\org\slf4j\slf4j-api\1.7.25\slf4j-api-1.7.25.jar;C:\Users\Sidheshwar.Tondare\.m2\repository\com\jayway\restassured\json-schema-validator\2.9.0\json-schema-validator-2.9.0.jar;C:\Users\Sidheshwar.Tondare\.m2\repository\com\github\fge\json-schema-validator\2.2.6\json-schema-validator-2.2.6.jar;C:\Users\Sidheshwar.Tondare\.m2\repository\com\googlecode\libphonenumber\libphonenumber\6.2\libphonenumber-6.2.jar;C:\Users\Sidheshwar.Tondare\.m2\repository\com\github\fge\json-schema-core\1.2.5\json-schema-core-1.2.5.jar;C:\Users\Sidheshwar.Tondare\.m2\repository\com\github\fge\uri-template\0.9\uri-template-0.9.jar;C:\Users\Sidheshwar.Tondare\.m2\repository\com\github\fge\msg-simple\1.1\msg-simple-1.1.jar;C:\Users\Sidheshwar.Tondare\.m2\repository\com\github\fge\btf\1.2\btf-1.2.jar;C:\Users\Sidheshwar.Tondare\.m2\repository\com\github\fge\jackson-coreutils\1.8\jackson-coreutils-1.8.jar;C:\Users\Sidheshwar.Tondare\.m2\repository\org\mozilla\rhino\1.7R4\rhino-1.7R4.jar;C:\Users\Sidheshwar.Tondare\.m2\repository\javax\mail\mailapi\1.4.3\mailapi-1.4.3.jar;C:\Users\Sidheshwar.Tondare\.m2\repository\net\sf\jopt-simple\jopt-simple\4.6\jopt-simple-4.6.jar;C:\Users\Sidheshwar.Tondare\.m2\repository\org\hamcrest\hamcrest-all\1.3\hamcrest-all-1.3.jar;C:\Users\Sidheshwar.Tondare\.m2\repository\org\hamcrest\hamcrest-library\2.1\hamcrest-library-2.1.jar;C:\Users\Sidheshwar.Tondare\.m2\repository\org\apache\poi\poi\3.17\poi-3.17.jar;C:\Users\Sidheshwar.Tondare\.m2\repository\commons-codec\commons-codec\1.10\commons-codec-1.10.jar;C:\Users\Sidheshwar.Tondare\.m2\repository\org\apache\commons\commons-collections4\4.1\commons-collections4-4.1.jar;C:\Users\Sidheshwar.Tondare\.m2\repository\org\apache\poi\poi-ooxml\3.17\poi-ooxml-3.17.jar;C:\Users\Sidheshwar.Tondare\.m2\repository\org\apache\poi\poi-ooxml-schemas\3.17\poi-ooxml-schemas-3.17.jar;C:\Users\Sidheshwar.Tondare\.m2\repository\org\apache\xmlbeans\xmlbeans\2.6.0\xmlbeans-2.6.0.jar;C:\Users\Sidheshwar.Tondare\.m2\repository\stax\stax-api\1.0.1\stax-api-1.0.1.jar;C:\Users\Sidheshwar.Tondare\.m2\repository\com\github\virtuald\curvesapi\1.04\curvesapi-1.04.jar;C:\Users\Sidheshwar.Tondare\.m2\repository\org\apache\logging\log4j\log4j-api\2.11.2\log4j-api-2.11.2.jar;C:\Users\Sidheshwar.Tondare\.m2\repository\org\apache\logging\log4j\log4j-core\2.11.2\log4j-core-2.11.2.jar;C:\Users\Sidheshwar.Tondare\.m2\repository\com\aventstack\extentreports\4.0.9\extentreports-4.0.9.jar;C:\Users\Sidheshwar.Tondare\.m2\repository\org\freemarker\freemarker\2.3.23\freemarker-2.3.23.jar;C:\Users\Sidheshwar.Tondare\.m2\repository\org\mongodb\mongodb-driver\3.3.0\mongodb-driver-3.3.0.jar;C:\Users\Sidheshwar.Tondare\.m2\repository\org\mongodb\mongodb-driver-core\3.3.0\mongodb-driver-core-3.3.0.jar;C:\Users\Sidheshwar.Tondare\.m2\repository\org\mongodb\bson\3.3.0\bson-3.3.0.jar;C:\Users\Sidheshwar.Tondare\.m2\repository\com\google\code\gson\gson\2.8.5\gson-2.8.5.jar;C:\Users\Sidheshwar.Tondare\.m2\repository\mysql\mysql-connector-java\5.1.18\mysql-connector-java-5.1.18.jar;C:\Users\Sidheshwar.Tondare\.m2\repository\com\microsoft\sqlserver\mssql-jdbc\6.1.0.jre8\mssql-jdbc-6.1.0.jre8.jar;C:\Users\Sidheshwar.Tondare\.m2\repository\com\microsoft\azure\azure-keyvault\0.9.3\azure-keyvault-0.9.3.jar;C:\Users\Sidheshwar.Tondare\.m2\repository\com\microsoft\azure\azure-core\0.9.3\azure-core-0.9.3.jar;C:\Users\Sidheshwar.Tondare\.m2\repository\commons-lang\commons-lang\2.6\commons-lang-2.6.jar;C:\Users\Sidheshwar.Tondare\.m2\repository\javax\mail\mail\1.4.5\mail-1.4.5.jar;C:\Users\Sidheshwar.Tondare\.m2\repository\com\sun\jersey\jersey-client\1.13\jersey-client-1.13.jar;C:\Users\Sidheshwar.Tondare\.m2\repository\com\sun\jersey\jersey-core\1.13\jersey-core-1.13.jar;C:\Users\Sidheshwar.Tondare\.m2\repository\com\sun\jersey\jersey-json\1.13\jersey-json-1.13.jar;C:\Users\Sidheshwar.Tondare\.m2\repository\org\codehaus\jettison\jettison\1.1\jettison-1.1.jar;C:\Users\Sidheshwar.Tondare\.m2\repository\com\sun\xml\bind\jaxb-impl\2.2.3-1\jaxb-impl-2.2.3-1.jar;C:\Users\Sidheshwar.Tondare\.m2\repository\javax\xml\bind\jaxb-api\2.2.2\jaxb-api-2.2.2.jar;C:\Users\Sidheshwar.Tondare\.m2\repository\javax\xml\stream\stax-api\1.0-2\stax-api-1.0-2.jar;C:\Users\Sidheshwar.Tondare\.m2\repository\org\codehaus\jackson\jackson-core-asl\1.9.2\jackson-core-asl-1.9.2.jar;C:\Users\Sidheshwar.Tondare\.m2\repository\org\codehaus\jackson\jackson-mapper-asl\1.9.2\jackson-mapper-asl-1.9.2.jar;C:\Users\Sidheshwar.Tondare\.m2\repository\org\codehaus\jackson\jackson-jaxrs\1.9.2\jackson-jaxrs-1.9.2.jar;C:\Users\Sidheshwar.Tondare\.m2\repository\org\codehaus\jackson\jackson-xc\1.9.2\jackson-xc-1.9.2.jar;C:\Users\Sidheshwar.Tondare\.m2\repository\javax\inject\javax.inject\1\javax.inject-1.jar;C:\Users\Sidheshwar.Tondare\.m2\repository\javax\mail\javax.mail-api\1.4.4\javax.mail-api-1.4.4.jar;C:\Users\Sidheshwar.Tondare\.m2\repository\javax\activation\activation\1.1\activation-1.1.jar;C:\Users\Sidheshwar.Tondare\.m2\repository\com\sun\mail\javax.mail\1.4.4\javax.mail-1.4.4.jar;C:\Users\Sidheshwar.Tondare\.m2\repository\com\microsoft\azure\azure-servicebus\2.0.0\azure-servicebus-2.0.0.jar;C:\Users\Sidheshwar.Tondare\.m2\repository\org\apache\qpid\proton-j\0.31.0\proton-j-0.31.0.jar;C:\Users\Sidheshwar.Tondare\.m2\repository\com\microsoft\azure\qpid-proton-j-extensions\1.1.0\qpid-proton-j-extensions-1.1.0.jar;C:\Users\Sidheshwar.Tondare\.m2\repository\com\microsoft\azure\adal4j\1.3.0\adal4j-1.3.0.jar;C:\Users\Sidheshwar.Tondare\.m2\repository\com\nimbusds\oauth2-oidc-sdk\5.24.1\oauth2-oidc-sdk-5.24.1.jar;C:\Users\Sidheshwar.Tondare\.m2\repository\com\github\stephenc\jcip\jcip-annotations\1.0-1\jcip-annotations-1.0-1.jar;C:\Users\Sidheshwar.Tondare\.m2\repository\com\nimbusds\lang-tag\1.4.4\lang-tag-1.4.4.jar;C:\Users\Sidheshwar.Tondare\.m2\repository\com\nimbusds\nimbus-jose-jwt\7.2.1\nimbus-jose-jwt-7.2.1.jar;C:\Users\Sidheshwar.Tondare\.m2\repository\org\asynchttpclient\async-http-client\2.5.2\async-http-client-2.5.2.jar;C:\Users\Sidheshwar.Tondare\.m2\repository\org\asynchttpclient\async-http-client-netty-utils\2.5.2\async-http-client-netty-utils-2.5.2.jar;C:\Users\Sidheshwar.Tondare\.m2\repository\io\netty\netty-buffer\4.1.27.Final\netty-buffer-4.1.27.Final.jar;C:\Users\Sidheshwar.Tondare\.m2\repository\io\netty\netty-codec-http\4.1.27.Final\netty-codec-http-4.1.27.Final.jar;C:\Users\Sidheshwar.Tondare\.m2\repository\io\netty\netty-codec\4.1.27.Final\netty-codec-4.1.27.Final.jar;C:\Users\Sidheshwar.Tondare\.m2\repository\io\netty\netty-handler\4.1.27.Final\netty-handler-4.1.27.Final.jar;C:\Users\Sidheshwar.Tondare\.m2\repository\io\netty\netty-transport\4.1.27.Final\netty-transport-4.1.27.Final.jar;C:\Users\Sidheshwar.Tondare\.m2\repository\io\netty\netty-codec-socks\4.1.27.Final\netty-codec-socks-4.1.27.Final.jar;C:\Users\Sidheshwar.Tondare\.m2\repository\io\netty\netty-handler-proxy\4.1.27.Final\netty-handler-proxy-4.1.27.Final.jar;C:\Users\Sidheshwar.Tondare\.m2\repository\io\netty\netty-transport-native-epoll\4.1.27.Final\netty-transport-native-epoll-4.1.27.Final-linux-x86_64.jar;C:\Users\Sidheshwar.Tondare\.m2\repository\io\netty\netty-common\4.1.27.Final\netty-common-4.1.27.Final.jar;C:\Users\Sidheshwar.Tondare\.m2\repository\io\netty\netty-transport-native-unix-common\4.1.27.Final\netty-transport-native-unix-common-4.1.27.Final.jar;C:\Users\Sidheshwar.Tondare\.m2\repository\io\netty\netty-resolver-dns\4.1.27.Final\netty-resolver-dns-4.1.27.Final.jar;C:\Users\Sidheshwar.Tondare\.m2\repository\io\netty\netty-resolver\4.1.27.Final\netty-resolver-4.1.27.Final.jar;C:\Users\Sidheshwar.Tondare\.m2\repository\io\netty\netty-codec-dns\4.1.27.Final\netty-codec-dns-4.1.27.Final.jar;C:\Users\Sidheshwar.Tondare\.m2\repository\org\reactivestreams\reactive-streams\1.0.2\reactive-streams-1.0.2.jar;C:\Users\Sidheshwar.Tondare\.m2\repository\com\typesafe\netty\netty-reactive-streams\2.0.0\netty-reactive-streams-2.0.0.jar;C:\Users\Sidheshwar.Tondare\.m2\repository\com\sun\activation\javax.activation\1.2.0\javax.activation-1.2.0.jar;C:\Users\Sidheshwar.Tondare\.m2\repository\com\microsoft\azure\azure-mgmt-servicebus\1.22.0\azure-mgmt-servicebus-1.22.0.jar;C:\Users\Sidheshwar.Tondare\.m2\repository\com\microsoft\azure\azure-client-runtime\1.6.4\azure-client-runtime-1.6.4.jar;C:\Users\Sidheshwar.Tondare\.m2\repository\com\microsoft\rest\client-runtime\1.6.4\client-runtime-1.6.4.jar;C:\Users\Sidheshwar.Tondare\.m2\repository\com\squareup\retrofit2\retrofit\2.4.0\retrofit-2.4.0.jar;C:\Users\Sidheshwar.Tondare\.m2\repository\com\squareup\okhttp3\logging-interceptor\3.11.0\logging-interceptor-3.11.0.jar;C:\Users\Sidheshwar.Tondare\.m2\repository\com\squareup\okhttp3\okhttp-urlconnection\3.11.0\okhttp-urlconnection-3.11.0.jar;C:\Users\Sidheshwar.Tondare\.m2\repository\com\squareup\retrofit2\converter-jackson\2.4.0\converter-jackson-2.4.0.jar;C:\Users\Sidheshwar.Tondare\.m2\repository\com\fasterxml\jackson\datatype\jackson-datatype-joda\2.9.4\jackson-datatype-joda-2.9.4.jar;C:\Users\Sidheshwar.Tondare\.m2\repository\com\squareup\retrofit2\adapter-rxjava\2.4.0\adapter-rxjava-2.4.0.jar;C:\Users\Sidheshwar.Tondare\.m2\repository\com\microsoft\azure\azure-mgmt-resources\1.22.0\azure-mgmt-resources-1.22.0.jar;C:\Users\Sidheshwar.Tondare\.m2\repository\io\reactivex\rxjava\1.3.8\rxjava-1.3.8.jar;C:\Users\Sidheshwar.Tondare\.m2\repository\com\microsoft\azure\azure-annotations\1.8.0\azure-annotations-1.8.0.jar;C:\Users\Sidheshwar.Tondare\.m2\repository\joda-time\joda-time\2.1\joda-time-2.1.jar;C:\Users\Sidheshwar.Tondare\.m2\repository\com\fasterxml\jackson\core\jackson-databind\2.9.9\jackson-databind-2.9.9.jar;C:\Users\Sidheshwar.Tondare\.m2\repository\com\fasterxml\jackson\core\jackson-annotations\2.9.0\jackson-annotations-2.9.0.jar;C:\Users\Sidheshwar.Tondare\.m2\repository\com\fasterxml\jackson\core\jackson-core\2.9.9\jackson-core-2.9.9.jar;"/>
    <property name="java.vm.vendor" value="Oracle Corporation"/>
    <property name="sun.arch.data.model" value="64"/>
    <property name="user.variant" value=""/>
    <property name="java.vendor.url" value="http://java.oracle.com/"/>
    <property name="user.timezone" value="Asia/Calcutta"/>
    <property name="java.vm.specification.version" value="1.8"/>
    <property name="os.name" value="Windows 10"/>
    <property name="user.country" value="US"/>
    <property name="sun.java.launcher" value="SUN_STANDARD"/>
    <property name="sun.boot.library.path" value="C:\Program Files\Java\jdk1.8.0_91\jre\bin"/>
    <property name="sun.java.command" value="C:\Users\SIDHES~2.TON\AppData\Local\Temp\surefire3932532992514509763\surefirebooter6627019444553614516.jar C:\Users\Sidheshwar.Tondare\AppData\Local\Temp\surefire3932532992514509763 2019-06-04T12-26-10_122-jvmRun1 surefire1237037306751391263tmp surefire_05097619453331341721tmp"/>
    <property name="surefire.test.class.path" value="C:\Users\Sidheshwar.Tondare\Gitstuff\MMCS_ISS_APITesting\target\test-classes;C:\Users\Sidheshwar.Tondare\Gitstuff\MMCS_ISS_APITesting\target\classes;C:\Users\Sidheshwar.Tondare\.m2\repository\org\codehaus\groovy\groovy\2.5.6\groovy-2.5.6.jar;C:\Users\Sidheshwar.Tondare\.m2\repository\org\codehaus\groovy\groovy-ant\2.5.6\groovy-ant-2.5.6.jar;C:\Users\Sidheshwar.Tondare\.m2\repository\org\apache\ant\ant\1.9.13\ant-1.9.13.jar;C:\Users\Sidheshwar.Tondare\.m2\repository\org\apache\ant\ant-junit\1.9.13\ant-junit-1.9.13.jar;C:\Users\Sidheshwar.Tondare\.m2\repository\org\apache\ant\ant-launcher\1.9.13\ant-launcher-1.9.13.jar;C:\Users\Sidheshwar.Tondare\.m2\repository\org\apache\ant\ant-antlr\1.9.13\ant-antlr-1.9.13.jar;C:\Users\Sidheshwar.Tondare\.m2\repository\org\codehaus\groovy\groovy-cli-commons\2.5.6\groovy-cli-commons-2.5.6.jar;C:\Users\Sidheshwar.Tondare\.m2\repository\commons-cli\commons-cli\1.4\commons-cli-1.4.jar;C:\Users\Sidheshwar.Tondare\.m2\repository\org\codehaus\groovy\groovy-cli-picocli\2.5.6\groovy-cli-picocli-2.5.6.jar;C:\Users\Sidheshwar.Tondare\.m2\repository\info\picocli\picocli\3.9.2\picocli-3.9.2.jar;C:\Users\Sidheshwar.Tondare\.m2\repository\org\codehaus\groovy\groovy-console\2.5.6\groovy-console-2.5.6.jar;C:\Users\Sidheshwar.Tondare\.m2\repository\org\codehaus\groovy\groovy-datetime\2.5.6\groovy-datetime-2.5.6.jar;C:\Users\Sidheshwar.Tondare\.m2\repository\org\codehaus\groovy\groovy-docgenerator\2.5.6\groovy-docgenerator-2.5.6.jar;C:\Users\Sidheshwar.Tondare\.m2\repository\com\thoughtworks\qdox\qdox\1.12.1\qdox-1.12.1.jar;C:\Users\Sidheshwar.Tondare\.m2\repository\org\codehaus\groovy\groovy-groovydoc\2.5.6\groovy-groovydoc-2.5.6.jar;C:\Users\Sidheshwar.Tondare\.m2\repository\org\codehaus\groovy\groovy-groovysh\2.5.6\groovy-groovysh-2.5.6.jar;C:\Users\Sidheshwar.Tondare\.m2\repository\jline\jline\2.14.6\jline-2.14.6.jar;C:\Users\Sidheshwar.Tondare\.m2\repository\org\codehaus\groovy\groovy-jmx\2.5.6\groovy-jmx-2.5.6.jar;C:\Users\Sidheshwar.Tondare\.m2\repository\org\codehaus\groovy\groovy-json\2.5.6\groovy-json-2.5.6.jar;C:\Users\Sidheshwar.Tondare\.m2\repository\org\codehaus\groovy\groovy-jsr223\2.5.6\groovy-jsr223-2.5.6.jar;C:\Users\Sidheshwar.Tondare\.m2\repository\org\codehaus\groovy\groovy-macro\2.5.6\groovy-macro-2.5.6.jar;C:\Users\Sidheshwar.Tondare\.m2\repository\org\codehaus\groovy\groovy-nio\2.5.6\groovy-nio-2.5.6.jar;C:\Users\Sidheshwar.Tondare\.m2\repository\org\codehaus\groovy\groovy-servlet\2.5.6\groovy-servlet-2.5.6.jar;C:\Users\Sidheshwar.Tondare\.m2\repository\org\codehaus\groovy\groovy-sql\2.5.6\groovy-sql-2.5.6.jar;C:\Users\Sidheshwar.Tondare\.m2\repository\org\codehaus\groovy\groovy-swing\2.5.6\groovy-swing-2.5.6.jar;C:\Users\Sidheshwar.Tondare\.m2\repository\org\codehaus\groovy\groovy-templates\2.5.6\groovy-templates-2.5.6.jar;C:\Users\Sidheshwar.Tondare\.m2\repository\org\codehaus\groovy\groovy-test\2.5.6\groovy-test-2.5.6.jar;C:\Users\Sidheshwar.Tondare\.m2\repository\junit\junit\4.12\junit-4.12.jar;C:\Users\Sidheshwar.Tondare\.m2\repository\org\codehaus\groovy\groovy-test-junit5\2.5.6\groovy-test-junit5-2.5.6.jar;C:\Users\Sidheshwar.Tondare\.m2\repository\org\junit\platform\junit-platform-launcher\1.3.2\junit-platform-launcher-1.3.2.jar;C:\Users\Sidheshwar.Tondare\.m2\repository\org\apiguardian\apiguardian-api\1.0.0\apiguardian-api-1.0.0.jar;C:\Users\Sidheshwar.Tondare\.m2\repository\org\junit\platform\junit-platform-engine\1.3.2\junit-platform-engine-1.3.2.jar;C:\Users\Sidheshwar.Tondare\.m2\repository\org\junit\platform\junit-platform-commons\1.3.2\junit-platform-commons-1.3.2.jar;C:\Users\Sidheshwar.Tondare\.m2\repository\org\opentest4j\opentest4j\1.1.1\opentest4j-1.1.1.jar;C:\Users\Sidheshwar.Tondare\.m2\repository\org\junit\jupiter\junit-jupiter-engine\5.3.2\junit-jupiter-engine-5.3.2.jar;C:\Users\Sidheshwar.Tondare\.m2\repository\org\junit\jupiter\junit-jupiter-api\5.3.2\junit-jupiter-api-5.3.2.jar;C:\Users\Sidheshwar.Tondare\.m2\repository\org\codehaus\groovy\groovy-testng\2.5.6\groovy-testng-2.5.6.jar;C:\Users\Sidheshwar.Tondare\.m2\repository\org\codehaus\groovy\groovy-xml\2.5.6\groovy-xml-2.5.6.jar;C:\Users\Sidheshwar.Tondare\.m2\repository\org\seleniumhq\selenium\selenium-java\3.141.59\selenium-java-3.141.59.jar;C:\Users\Sidheshwar.Tondare\.m2\repository\org\seleniumhq\selenium\selenium-api\3.141.59\selenium-api-3.141.59.jar;C:\Users\Sidheshwar.Tondare\.m2\repository\org\seleniumhq\selenium\selenium-chrome-driver\3.141.59\selenium-chrome-driver-3.141.59.jar;C:\Users\Sidheshwar.Tondare\.m2\repository\org\seleniumhq\selenium\selenium-edge-driver\3.141.59\selenium-edge-driver-3.141.59.jar;C:\Users\Sidheshwar.Tondare\.m2\repository\org\seleniumhq\selenium\selenium-firefox-driver\3.141.59\selenium-firefox-driver-3.141.59.jar;C:\Users\Sidheshwar.Tondare\.m2\repository\org\seleniumhq\selenium\selenium-ie-driver\3.141.59\selenium-ie-driver-3.141.59.jar;C:\Users\Sidheshwar.Tondare\.m2\repository\org\seleniumhq\selenium\selenium-opera-driver\3.141.59\selenium-opera-driver-3.141.59.jar;C:\Users\Sidheshwar.Tondare\.m2\repository\org\seleniumhq\selenium\selenium-remote-driver\3.141.59\selenium-remote-driver-3.141.59.jar;C:\Users\Sidheshwar.Tondare\.m2\repository\org\seleniumhq\selenium\selenium-safari-driver\3.141.59\selenium-safari-driver-3.141.59.jar;C:\Users\Sidheshwar.Tondare\.m2\repository\org\seleniumhq\selenium\selenium-support\3.141.59\selenium-support-3.141.59.jar;C:\Users\Sidheshwar.Tondare\.m2\repository\net\bytebuddy\byte-buddy\1.8.15\byte-buddy-1.8.15.jar;C:\Users\Sidheshwar.Tondare\.m2\repository\org\apache\commons\commons-exec\1.3\commons-exec-1.3.jar;C:\Users\Sidheshwar.Tondare\.m2\repository\com\google\guava\guava\25.0-jre\guava-25.0-jre.jar;C:\Users\Sidheshwar.Tondare\.m2\repository\com\google\code\findbugs\jsr305\1.3.9\jsr305-1.3.9.jar;C:\Users\Sidheshwar.Tondare\.m2\repository\org\checkerframework\checker-compat-qual\2.0.0\checker-compat-qual-2.0.0.jar;C:\Users\Sidheshwar.Tondare\.m2\repository\com\google\errorprone\error_prone_annotations\2.1.3\error_prone_annotations-2.1.3.jar;C:\Users\Sidheshwar.Tondare\.m2\repository\com\google\j2objc\j2objc-annotations\1.1\j2objc-annotations-1.1.jar;C:\Users\Sidheshwar.Tondare\.m2\repository\org\codehaus\mojo\animal-sniffer-annotations\1.14\animal-sniffer-annotations-1.14.jar;C:\Users\Sidheshwar.Tondare\.m2\repository\com\squareup\okhttp3\okhttp\3.11.0\okhttp-3.11.0.jar;C:\Users\Sidheshwar.Tondare\.m2\repository\com\squareup\okio\okio\1.14.0\okio-1.14.0.jar;C:\Users\Sidheshwar.Tondare\.m2\repository\org\testng\testng\6.14.2\testng-6.14.2.jar;C:\Users\Sidheshwar.Tondare\.m2\repository\com\beust\jcommander\1.72\jcommander-1.72.jar;C:\Users\Sidheshwar.Tondare\.m2\repository\org\apache-extras\beanshell\bsh\2.0b6\bsh-2.0b6.jar;C:\Users\Sidheshwar.Tondare\.m2\repository\com\jayway\restassured\rest-assured\2.9.0\rest-assured-2.9.0.jar;C:\Users\Sidheshwar.Tondare\.m2\repository\org\apache\httpcomponents\httpclient\4.5.1\httpclient-4.5.1.jar;C:\Users\Sidheshwar.Tondare\.m2\repository\org\apache\httpcomponents\httpcore\4.4.3\httpcore-4.4.3.jar;C:\Users\Sidheshwar.Tondare\.m2\repository\commons-logging\commons-logging\1.2\commons-logging-1.2.jar;C:\Users\Sidheshwar.Tondare\.m2\repository\org\apache\httpcomponents\httpmime\4.5.1\httpmime-4.5.1.jar;C:\Users\Sidheshwar.Tondare\.m2\repository\org\hamcrest\hamcrest-core\1.3\hamcrest-core-1.3.jar;C:\Users\Sidheshwar.Tondare\.m2\repository\org\ccil\cowan\tagsoup\tagsoup\1.2.1\tagsoup-1.2.1.jar;C:\Users\Sidheshwar.Tondare\.m2\repository\com\jayway\restassured\json-path\2.9.0\json-path-2.9.0.jar;C:\Users\Sidheshwar.Tondare\.m2\repository\com\jayway\restassured\rest-assured-common\2.9.0\rest-assured-common-2.9.0.jar;C:\Users\Sidheshwar.Tondare\.m2\repository\com\jayway\restassured\xml-path\2.9.0\xml-path-2.9.0.jar;C:\Users\Sidheshwar.Tondare\.m2\repository\org\apache\commons\commons-lang3\3.3.2\commons-lang3-3.3.2.jar;C:\Users\Sidheshwar.Tondare\.m2\repository\com\jayway\jsonpath\json-path\2.4.0\json-path-2.4.0.jar;C:\Users\Sidheshwar.Tondare\.m2\repository\net\minidev\json-smart\2.3\json-smart-2.3.jar;C:\Users\Sidheshwar.Tondare\.m2\repository\net\minidev\accessors-smart\1.2\accessors-smart-1.2.jar;C:\Users\Sidheshwar.Tondare\.m2\repository\org\ow2\asm\asm\5.0.4\asm-5.0.4.jar;C:\Users\Sidheshwar.Tondare\.m2\repository\org\slf4j\slf4j-api\1.7.25\slf4j-api-1.7.25.jar;C:\Users\Sidheshwar.Tondare\.m2\repository\com\jayway\restassured\json-schema-validator\2.9.0\json-schema-validator-2.9.0.jar;C:\Users\Sidheshwar.Tondare\.m2\repository\com\github\fge\json-schema-validator\2.2.6\json-schema-validator-2.2.6.jar;C:\Users\Sidheshwar.Tondare\.m2\repository\com\googlecode\libphonenumber\libphonenumber\6.2\libphonenumber-6.2.jar;C:\Users\Sidheshwar.Tondare\.m2\repository\com\github\fge\json-schema-core\1.2.5\json-schema-core-1.2.5.jar;C:\Users\Sidheshwar.Tondare\.m2\repository\com\github\fge\uri-template\0.9\uri-template-0.9.jar;C:\Users\Sidheshwar.Tondare\.m2\repository\com\github\fge\msg-simple\1.1\msg-simple-1.1.jar;C:\Users\Sidheshwar.Tondare\.m2\repository\com\github\fge\btf\1.2\btf-1.2.jar;C:\Users\Sidheshwar.Tondare\.m2\repository\com\github\fge\jackson-coreutils\1.8\jackson-coreutils-1.8.jar;C:\Users\Sidheshwar.Tondare\.m2\repository\org\mozilla\rhino\1.7R4\rhino-1.7R4.jar;C:\Users\Sidheshwar.Tondare\.m2\repository\javax\mail\mailapi\1.4.3\mailapi-1.4.3.jar;C:\Users\Sidheshwar.Tondare\.m2\repository\net\sf\jopt-simple\jopt-simple\4.6\jopt-simple-4.6.jar;C:\Users\Sidheshwar.Tondare\.m2\repository\org\hamcrest\hamcrest-all\1.3\hamcrest-all-1.3.jar;C:\Users\Sidheshwar.Tondare\.m2\repository\org\hamcrest\hamcrest-library\2.1\hamcrest-library-2.1.jar;C:\Users\Sidheshwar.Tondare\.m2\repository\org\apache\poi\poi\3.17\poi-3.17.jar;C:\Users\Sidheshwar.Tondare\.m2\repository\commons-codec\commons-codec\1.10\commons-codec-1.10.jar;C:\Users\Sidheshwar.Tondare\.m2\repository\org\apache\commons\commons-collections4\4.1\commons-collections4-4.1.jar;C:\Users\Sidheshwar.Tondare\.m2\repository\org\apache\poi\poi-ooxml\3.17\poi-ooxml-3.17.jar;C:\Users\Sidheshwar.Tondare\.m2\repository\org\apache\poi\poi-ooxml-schemas\3.17\poi-ooxml-schemas-3.17.jar;C:\Users\Sidheshwar.Tondare\.m2\repository\org\apache\xmlbeans\xmlbeans\2.6.0\xmlbeans-2.6.0.jar;C:\Users\Sidheshwar.Tondare\.m2\repository\stax\stax-api\1.0.1\stax-api-1.0.1.jar;C:\Users\Sidheshwar.Tondare\.m2\repository\com\github\virtuald\curvesapi\1.04\curvesapi-1.04.jar;C:\Users\Sidheshwar.Tondare\.m2\repository\org\apache\logging\log4j\log4j-api\2.11.2\log4j-api-2.11.2.jar;C:\Users\Sidheshwar.Tondare\.m2\repository\org\apache\logging\log4j\log4j-core\2.11.2\log4j-core-2.11.2.jar;C:\Users\Sidheshwar.Tondare\.m2\repository\com\aventstack\extentreports\4.0.9\extentreports-4.0.9.jar;C:\Users\Sidheshwar.Tondare\.m2\repository\org\freemarker\freemarker\2.3.23\freemarker-2.3.23.jar;C:\Users\Sidheshwar.Tondare\.m2\repository\org\mongodb\mongodb-driver\3.3.0\mongodb-driver-3.3.0.jar;C:\Users\Sidheshwar.Tondare\.m2\repository\org\mongodb\mongodb-driver-core\3.3.0\mongodb-driver-core-3.3.0.jar;C:\Users\Sidheshwar.Tondare\.m2\repository\org\mongodb\bson\3.3.0\bson-3.3.0.jar;C:\Users\Sidheshwar.Tondare\.m2\repository\com\google\code\gson\gson\2.8.5\gson-2.8.5.jar;C:\Users\Sidheshwar.Tondare\.m2\repository\mysql\mysql-connector-java\5.1.18\mysql-connector-java-5.1.18.jar;C:\Users\Sidheshwar.Tondare\.m2\repository\com\microsoft\sqlserver\mssql-jdbc\6.1.0.jre8\mssql-jdbc-6.1.0.jre8.jar;C:\Users\Sidheshwar.Tondare\.m2\repository\com\microsoft\azure\azure-keyvault\0.9.3\azure-keyvault-0.9.3.jar;C:\Users\Sidheshwar.Tondare\.m2\repository\com\microsoft\azure\azure-core\0.9.3\azure-core-0.9.3.jar;C:\Users\Sidheshwar.Tondare\.m2\repository\commons-lang\commons-lang\2.6\commons-lang-2.6.jar;C:\Users\Sidheshwar.Tondare\.m2\repository\javax\mail\mail\1.4.5\mail-1.4.5.jar;C:\Users\Sidheshwar.Tondare\.m2\repository\com\sun\jersey\jersey-client\1.13\jersey-client-1.13.jar;C:\Users\Sidheshwar.Tondare\.m2\repository\com\sun\jersey\jersey-core\1.13\jersey-core-1.13.jar;C:\Users\Sidheshwar.Tondare\.m2\repository\com\sun\jersey\jersey-json\1.13\jersey-json-1.13.jar;C:\Users\Sidheshwar.Tondare\.m2\repository\org\codehaus\jettison\jettison\1.1\jettison-1.1.jar;C:\Users\Sidheshwar.Tondare\.m2\repository\com\sun\xml\bind\jaxb-impl\2.2.3-1\jaxb-impl-2.2.3-1.jar;C:\Users\Sidheshwar.Tondare\.m2\repository\javax\xml\bind\jaxb-api\2.2.2\jaxb-api-2.2.2.jar;C:\Users\Sidheshwar.Tondare\.m2\repository\javax\xml\stream\stax-api\1.0-2\stax-api-1.0-2.jar;C:\Users\Sidheshwar.Tondare\.m2\repository\org\codehaus\jackson\jackson-core-asl\1.9.2\jackson-core-asl-1.9.2.jar;C:\Users\Sidheshwar.Tondare\.m2\repository\org\codehaus\jackson\jackson-mapper-asl\1.9.2\jackson-mapper-asl-1.9.2.jar;C:\Users\Sidheshwar.Tondare\.m2\repository\org\codehaus\jackson\jackson-jaxrs\1.9.2\jackson-jaxrs-1.9.2.jar;C:\Users\Sidheshwar.Tondare\.m2\repository\org\codehaus\jackson\jackson-xc\1.9.2\jackson-xc-1.9.2.jar;C:\Users\Sidheshwar.Tondare\.m2\repository\javax\inject\javax.inject\1\javax.inject-1.jar;C:\Users\Sidheshwar.Tondare\.m2\repository\javax\mail\javax.mail-api\1.4.4\javax.mail-api-1.4.4.jar;C:\Users\Sidheshwar.Tondare\.m2\repository\javax\activation\activation\1.1\activation-1.1.jar;C:\Users\Sidheshwar.Tondare\.m2\repository\com\sun\mail\javax.mail\1.4.4\javax.mail-1.4.4.jar;C:\Users\Sidheshwar.Tondare\.m2\repository\com\microsoft\azure\azure-servicebus\2.0.0\azure-servicebus-2.0.0.jar;C:\Users\Sidheshwar.Tondare\.m2\repository\org\apache\qpid\proton-j\0.31.0\proton-j-0.31.0.jar;C:\Users\Sidheshwar.Tondare\.m2\repository\com\microsoft\azure\qpid-proton-j-extensions\1.1.0\qpid-proton-j-extensions-1.1.0.jar;C:\Users\Sidheshwar.Tondare\.m2\repository\com\microsoft\azure\adal4j\1.3.0\adal4j-1.3.0.jar;C:\Users\Sidheshwar.Tondare\.m2\repository\com\nimbusds\oauth2-oidc-sdk\5.24.1\oauth2-oidc-sdk-5.24.1.jar;C:\Users\Sidheshwar.Tondare\.m2\repository\com\github\stephenc\jcip\jcip-annotations\1.0-1\jcip-annotations-1.0-1.jar;C:\Users\Sidheshwar.Tondare\.m2\repository\com\nimbusds\lang-tag\1.4.4\lang-tag-1.4.4.jar;C:\Users\Sidheshwar.Tondare\.m2\repository\com\nimbusds\nimbus-jose-jwt\7.2.1\nimbus-jose-jwt-7.2.1.jar;C:\Users\Sidheshwar.Tondare\.m2\repository\org\asynchttpclient\async-http-client\2.5.2\async-http-client-2.5.2.jar;C:\Users\Sidheshwar.Tondare\.m2\repository\org\asynchttpclient\async-http-client-netty-utils\2.5.2\async-http-client-netty-utils-2.5.2.jar;C:\Users\Sidheshwar.Tondare\.m2\repository\io\netty\netty-buffer\4.1.27.Final\netty-buffer-4.1.27.Final.jar;C:\Users\Sidheshwar.Tondare\.m2\repository\io\netty\netty-codec-http\4.1.27.Final\netty-codec-http-4.1.27.Final.jar;C:\Users\Sidheshwar.Tondare\.m2\repository\io\netty\netty-codec\4.1.27.Final\netty-codec-4.1.27.Final.jar;C:\Users\Sidheshwar.Tondare\.m2\repository\io\netty\netty-handler\4.1.27.Final\netty-handler-4.1.27.Final.jar;C:\Users\Sidheshwar.Tondare\.m2\repository\io\netty\netty-transport\4.1.27.Final\netty-transport-4.1.27.Final.jar;C:\Users\Sidheshwar.Tondare\.m2\repository\io\netty\netty-codec-socks\4.1.27.Final\netty-codec-socks-4.1.27.Final.jar;C:\Users\Sidheshwar.Tondare\.m2\repository\io\netty\netty-handler-proxy\4.1.27.Final\netty-handler-proxy-4.1.27.Final.jar;C:\Users\Sidheshwar.Tondare\.m2\repository\io\netty\netty-transport-native-epoll\4.1.27.Final\netty-transport-native-epoll-4.1.27.Final-linux-x86_64.jar;C:\Users\Sidheshwar.Tondare\.m2\repository\io\netty\netty-common\4.1.27.Final\netty-common-4.1.27.Final.jar;C:\Users\Sidheshwar.Tondare\.m2\repository\io\netty\netty-transport-native-unix-common\4.1.27.Final\netty-transport-native-unix-common-4.1.27.Final.jar;C:\Users\Sidheshwar.Tondare\.m2\repository\io\netty\netty-resolver-dns\4.1.27.Final\netty-resolver-dns-4.1.27.Final.jar;C:\Users\Sidheshwar.Tondare\.m2\repository\io\netty\netty-resolver\4.1.27.Final\netty-resolver-4.1.27.Final.jar;C:\Users\Sidheshwar.Tondare\.m2\repository\io\netty\netty-codec-dns\4.1.27.Final\netty-codec-dns-4.1.27.Final.jar;C:\Users\Sidheshwar.Tondare\.m2\repository\org\reactivestreams\reactive-streams\1.0.2\reactive-streams-1.0.2.jar;C:\Users\Sidheshwar.Tondare\.m2\repository\com\typesafe\netty\netty-reactive-streams\2.0.0\netty-reactive-streams-2.0.0.jar;C:\Users\Sidheshwar.Tondare\.m2\repository\com\sun\activation\javax.activation\1.2.0\javax.activation-1.2.0.jar;C:\Users\Sidheshwar.Tondare\.m2\repository\com\microsoft\azure\azure-mgmt-servicebus\1.22.0\azure-mgmt-servicebus-1.22.0.jar;C:\Users\Sidheshwar.Tondare\.m2\repository\com\microsoft\azure\azure-client-runtime\1.6.4\azure-client-runtime-1.6.4.jar;C:\Users\Sidheshwar.Tondare\.m2\repository\com\microsoft\rest\client-runtime\1.6.4\client-runtime-1.6.4.jar;C:\Users\Sidheshwar.Tondare\.m2\repository\com\squareup\retrofit2\retrofit\2.4.0\retrofit-2.4.0.jar;C:\Users\Sidheshwar.Tondare\.m2\repository\com\squareup\okhttp3\logging-interceptor\3.11.0\logging-interceptor-3.11.0.jar;C:\Users\Sidheshwar.Tondare\.m2\repository\com\squareup\okhttp3\okhttp-urlconnection\3.11.0\okhttp-urlconnection-3.11.0.jar;C:\Users\Sidheshwar.Tondare\.m2\repository\com\squareup\retrofit2\converter-jackson\2.4.0\converter-jackson-2.4.0.jar;C:\Users\Sidheshwar.Tondare\.m2\repository\com\fasterxml\jackson\datatype\jackson-datatype-joda\2.9.4\jackson-datatype-joda-2.9.4.jar;C:\Users\Sidheshwar.Tondare\.m2\repository\com\squareup\retrofit2\adapter-rxjava\2.4.0\adapter-rxjava-2.4.0.jar;C:\Users\Sidheshwar.Tondare\.m2\repository\com\microsoft\azure\azure-mgmt-resources\1.22.0\azure-mgmt-resources-1.22.0.jar;C:\Users\Sidheshwar.Tondare\.m2\repository\io\reactivex\rxjava\1.3.8\rxjava-1.3.8.jar;C:\Users\Sidheshwar.Tondare\.m2\repository\com\microsoft\azure\azure-annotations\1.8.0\azure-annotations-1.8.0.jar;C:\Users\Sidheshwar.Tondare\.m2\repository\joda-time\joda-time\2.1\joda-time-2.1.jar;C:\Users\Sidheshwar.Tondare\.m2\repository\com\fasterxml\jackson\core\jackson-databind\2.9.9\jackson-databind-2.9.9.jar;C:\Users\Sidheshwar.Tondare\.m2\repository\com\fasterxml\jackson\core\jackson-annotations\2.9.0\jackson-annotations-2.9.0.jar;C:\Users\Sidheshwar.Tondare\.m2\repository\com\fasterxml\jackson\core\jackson-core\2.9.9\jackson-core-2.9.9.jar;"/>
    <property name="sun.cpu.endian" value="little"/>
    <property name="user.home" value="C:\Users\Sidheshwar.Tondare"/>
    <property name="user.language" value="en"/>
    <property name="java.specification.vendor" value="Oracle Corporation"/>
    <property name="java.home" value="C:\Program Files\Java\jdk1.8.0_91\jre"/>
    <property name="basedir" value="C:\Users\Sidheshwar.Tondare\Gitstuff\MMCS_ISS_APITesting"/>
    <property name="file.separator" value="\"/>
    <property name="line.separator" value="&#10;"/>
    <property name="java.vm.specification.vendor" value="Oracle Corporation"/>
    <property name="java.specification.name" value="Java Platform API Specification"/>
    <property name="java.awt.graphicsenv" value="sun.awt.Win32GraphicsEnvironment"/>
    <property name="surefire.real.class.path" value="C:\Users\SIDHES~2.TON\AppData\Local\Temp\surefire3932532992514509763\surefirebooter6627019444553614516.jar"/>
    <property name="sun.boot.class.path" value="C:\Program Files\Java\jdk1.8.0_91\jre\lib\resources.jar;C:\Program Files\Java\jdk1.8.0_91\jre\lib\rt.jar;C:\Program Files\Java\jdk1.8.0_91\jre\lib\sunrsasign.jar;C:\Program Files\Java\jdk1.8.0_91\jre\lib\jsse.jar;C:\Program Files\Java\jdk1.8.0_91\jre\lib\jce.jar;C:\Program Files\Java\jdk1.8.0_91\jre\lib\charsets.jar;C:\Program Files\Java\jdk1.8.0_91\jre\lib\jfr.jar;C:\Program Files\Java\jdk1.8.0_91\jre\classes"/>
    <property name="user.script" value=""/>
    <property name="sun.management.compiler" value="HotSpot 64-Bit Tiered Compilers"/>
    <property name="java.runtime.version" value="1.8.0_91-b15"/>
    <property name="user.name" value="Sidheshwar.Tondare"/>
    <property name="path.separator" value=";"/>
    <property name="os.version" value="10.0"/>
    <property name="java.endorsed.dirs" value="C:\Program Files\Java\jdk1.8.0_91\jre\lib\endorsed"/>
    <property name="java.runtime.name" value="Java(TM) SE Runtime Environment"/>
    <property name="file.encoding" value="Cp1252"/>
    <property name="java.vm.name" value="Java HotSpot(TM) 64-Bit Server VM"/>
    <property name="localRepository" value="C:\Users\Sidheshwar.Tondare\.m2\repository"/>
    <property name="java.vendor.url.bug" value="http://bugreport.sun.com/bugreport/"/>
    <property name="java.io.tmpdir" value="C:\Users\SIDHES~2.TON\AppData\Local\Temp\"/>
    <property name="java.version" value="1.8.0_91"/>
    <property name="user.dir" value="C:\Users\Sidheshwar.Tondare\Gitstuff\MMCS_ISS_APITesting"/>
    <property name="os.arch" value="amd64"/>
    <property name="java.vm.specification.name" value="Java Virtual Machine Specification"/>
    <property name="java.awt.printerjob" value="sun.awt.windows.WPrinterJob"/>
    <property name="sun.os.patch.level" value=""/>
    <property name="java.library.path" value="C:\Program Files\Java\jdk1.8.0_91\jre\bin;C:\WINDOWS\Sun\Java\bin;C:\WINDOWS\system32;C:\WINDOWS;C:\Program Files (x86)\Common Files\Oracle\Java\javapath;C:\ProgramData\Oracle\Java\javapath;C:\Program Files (x86)\Intel\iCLS Client\;C:\Program Files\Intel\iCLS Client\;C:\WINDOWS\system32;C:\WINDOWS;C:\WINDOWS\System32\Wbem;C:\WINDOWS\System32\WindowsPowerShell\v1.0\;C:\Program Files (x86)\Intel\Intel(R) Management Engine Components\DAL;C:\Program Files\Intel\Intel(R) Management Engine Components\DAL;C:\Program Files (x86)\Intel\Intel(R) Management Engine Components\IPT;C:\Program Files\Intel\Intel(R) Management Engine Components\IPT;C:\Program Files (x86)\Microsoft SQL Server\Client SDK\ODBC\130\Tools\Binn\;C:\Program Files (x86)\Microsoft SQL Server\140\Tools\Binn\;C:\Program Files\Apache\Maven\apache-maven-3.5.3\bin;C:\Program Files\Microsoft SQL Server\130\Tools\Binn\;C:\Program Files (x86)\Microsoft SQL Server\140\DTS\Binn\;C:\Program Files (x86)\Microsoft SQL Server\140\Tools\Binn\ManagementStudio\;C:\Program Files\Microsoft SQL Server\120\Tools\Binn\;C:\Program Files\dotnet\;C:\Program Files\nodejs\;C:\Users\sidheshwar.tondare\AppData\Local\Android\Sdk\platform-tools;C:\Users\sidheshwar.tondare\AppData\Local\Android\Sdk\tools;C:\Users\sidheshwar.tondare\AppData\Local\Android\Sdk\tools\bin;C:\WINDOWS\System32\OpenSSH\;C:\Program Files\Git\bin\git.exe;C:\Program Files\Git\cmd;C:\Users\Sidheshwar.Tondare\AppData\Local\Microsoft\WindowsApps;;C:\Users\Sidheshwar.Tondare\AppData\Local\Programs\Fiddler;."/>
    <property name="java.vm.info" value="mixed mode"/>
    <property name="java.vendor" value="Oracle Corporation"/>
    <property name="java.vm.version" value="25.91-b15"/>
    <property name="java.ext.dirs" value="C:\Program Files\Java\jdk1.8.0_91\jre\lib\ext;C:\WINDOWS\Sun\Java\lib\ext"/>
    <property name="sun.io.unicode.encoding" value="UnicodeLittle"/>
    <property name="java.class.version" value="52.0"/>
  </properties>
  <testcase name="postSyStemProcessTest" classname="com.pkg.testcases.SetSystemStatus" time="5.589"/>
  <testcase name="postSyStemProcessTest" classname="com.pkg.testcases.SetSystemStatus" time="4.482"/>
  <testcase name="postSyStemProcessTest" classname="com.pkg.testcases.SetSystemStatus" time="4.335"/>
  <testcase name="dataBaseValidation" classname="com.pkg.testcases.SetSystemStatus" time="17.912"/>
  <testcase name="dataBaseValidation" classname="com.pkg.testcases.SetSystemStatus" time="6.313">
    <failure message="expected [3] but found [1]" type="java.lang.AssertionError">java.lang.AssertionError: expected [3] but found [1]
	at com.pkg.testcases.SetSystemStatus.dataBaseValidation(SetSystemStatus.java:164)
</failure>
    <system-out><![CDATA[621
expected status3
Queue Active Count is:0
1
]]></system-out>
  </testcase>
  <testcase name="dataBaseValidation" classname="com.pkg.testcases.SetSystemStatus" time="7.17"/>
</testsuite>