<?xml version="1.0" encoding="UTF-8"?>
<!-- Generated by org.testng.reporters.JUnitReportReporter -->
<testsuite skipped="0" hostname="CMLPT015" name="com.pkg.testcases.DataSetter" tests="24" failures="0" timestamp="03 Jun 2019 12:48:13 GMT" time="66.828" errors="0">
  <testcase name="setUpData" time="1.688" classname="com.pkg.testcases.DataSetter"/>
  <testcase name="setUpData" time="2.269" classname="com.pkg.testcases.DataSetter"/>
  <testcase name="setUpData" time="3.974" classname="com.pkg.testcases.DataSetter"/>
  <testcase name="setUpData" time="1.772" classname="com.pkg.testcases.DataSetter"/>
  <testcase name="setUpData" time="1.756" classname="com.pkg.testcases.DataSetter"/>
  <testcase name="setUpData" time="3.163" classname="com.pkg.testcases.DataSetter"/>
  <testcase name="setUpData" time="5.300" classname="com.pkg.testcases.DataSetter"/>
  <testcase name="setUpData" time="1.910" classname="com.pkg.testcases.DataSetter"/>
  <testcase name="setUpData" time="4.808" classname="com.pkg.testcases.DataSetter"/>
  <testcase name="setUpData" time="1.930" classname="com.pkg.testcases.DataSetter"/>
  <testcase name="setUpData" time="2.744" classname="com.pkg.testcases.DataSetter"/>
  <testcase name="setUpData" time="1.721" classname="com.pkg.testcases.DataSetter"/>
  <testcase name="setUpData" time="1.737" classname="com.pkg.testcases.DataSetter"/>
  <testcase name="setUpData" time="12.130" classname="com.pkg.testcases.DataSetter"/>
  <testcase name="setUpData" time="1.729" classname="com.pkg.testcases.DataSetter"/>
  <testcase name="setUpData" time="1.990" classname="com.pkg.testcases.DataSetter"/>
  <testcase name="setUpData" time="1.869" classname="com.pkg.testcases.DataSetter"/>
  <testcase name="setUpData" time="2.160" classname="com.pkg.testcases.DataSetter"/>
  <testcase name="setUpData" time="1.813" classname="com.pkg.testcases.DataSetter"/>
  <testcase name="setUpData" time="3.134" classname="com.pkg.testcases.DataSetter"/>
  <testcase name="setUpData" time="1.881" classname="com.pkg.testcases.DataSetter"/>
  <testcase name="setUpData" time="1.761" classname="com.pkg.testcases.DataSetter"/>
  <testcase name="setUpData" time="1.790" classname="com.pkg.testcases.DataSetter"/>
  <testcase name="setUpData" time="1.799" classname="com.pkg.testcases.DataSetter"/>
</testsuite> <!-- com.pkg.testcases.DataSetter -->
