<?xml version="1.0" encoding="UTF-8"?>
<!-- Generated by org.testng.reporters.JUnitReportReporter -->
<testsuite skipped="0" hostname="CMLPT015" name="com.pkg.testcases.DataSetter" tests="33" failures="0" timestamp="04 Jun 2019 06:50:43 GMT" time="60.480" errors="0">
  <testcase name="setUpData" time="1.972" classname="com.pkg.testcases.DataSetter"/>
  <testcase name="setUpData" time="2.736" classname="com.pkg.testcases.DataSetter"/>
  <testcase name="setUpData" time="1.723" classname="com.pkg.testcases.DataSetter"/>
  <testcase name="setUpData" time="1.750" classname="com.pkg.testcases.DataSetter"/>
  <testcase name="setUpData" time="1.902" classname="com.pkg.testcases.DataSetter"/>
  <testcase name="setUpData" time="2.142" classname="com.pkg.testcases.DataSetter"/>
  <testcase name="setUpData" time="1.860" classname="com.pkg.testcases.DataSetter"/>
  <testcase name="setUpData" time="1.697" classname="com.pkg.testcases.DataSetter"/>
  <testcase name="setUpData" time="1.688" classname="com.pkg.testcases.DataSetter"/>
  <testcase name="setUpData" time="1.734" classname="com.pkg.testcases.DataSetter"/>
  <testcase name="setUpData" time="1.700" classname="com.pkg.testcases.DataSetter"/>
  <testcase name="setUpData" time="1.953" classname="com.pkg.testcases.DataSetter"/>
  <testcase name="setUpData" time="1.718" classname="com.pkg.testcases.DataSetter"/>
  <testcase name="setUpData" time="1.699" classname="com.pkg.testcases.DataSetter"/>
  <testcase name="setUpData" time="1.987" classname="com.pkg.testcases.DataSetter"/>
  <testcase name="setUpData" time="1.768" classname="com.pkg.testcases.DataSetter"/>
  <testcase name="setUpData" time="1.751" classname="com.pkg.testcases.DataSetter"/>
  <testcase name="setUpData" time="1.703" classname="com.pkg.testcases.DataSetter"/>
  <testcase name="setUpData" time="1.890" classname="com.pkg.testcases.DataSetter"/>
  <testcase name="setUpData" time="1.797" classname="com.pkg.testcases.DataSetter"/>
  <testcase name="setUpData" time="1.764" classname="com.pkg.testcases.DataSetter"/>
  <testcase name="setUpData" time="1.703" classname="com.pkg.testcases.DataSetter"/>
  <testcase name="setUpData" time="1.671" classname="com.pkg.testcases.DataSetter"/>
  <testcase name="setUpData" time="1.969" classname="com.pkg.testcases.DataSetter"/>
  <testcase name="setUpData" time="1.847" classname="com.pkg.testcases.DataSetter"/>
  <testcase name="setUpData" time="1.705" classname="com.pkg.testcases.DataSetter"/>
  <testcase name="setUpData" time="1.734" classname="com.pkg.testcases.DataSetter"/>
  <testcase name="setUpData" time="1.953" classname="com.pkg.testcases.DataSetter"/>
  <testcase name="setUpData" time="1.736" classname="com.pkg.testcases.DataSetter"/>
  <testcase name="setUpData" time="1.719" classname="com.pkg.testcases.DataSetter"/>
  <testcase name="setUpData" time="1.703" classname="com.pkg.testcases.DataSetter"/>
  <testcase name="setUpData" time="2.021" classname="com.pkg.testcases.DataSetter"/>
  <testcase name="setUpData" time="1.785" classname="com.pkg.testcases.DataSetter"/>
</testsuite> <!-- com.pkg.testcases.DataSetter -->
